
ROM used:   140/2048 (7%)
            140/2048 (7%) including unused fragments

            0.2 Average locations per line
            2.5 Average locations per statement

RAM used:   11/224 (5%) at main() level
            11/224 (5%) worst case

Stack used: 0 worst case (0 in main + 0 for interrupts)
Stack size: 8

Lines Stmts  %   Files
----- ----- ---  -----
  141    55 100  DC.c
  518     0   0  ..\..\..\..\..\..\..\Program Files (x86)\PICC\Devices\16F628A.h
----- -----
  659    55 Total

Page ROM  %  RAM   Vol Diff  Functions:
---- --- --- ---   --- ----  ----------
0    136  97    6  1481  7.7  main
 Inline         0             @cinit1

Program metrics:
    Functions               1
    Statements              55
    Comments                144
    Volume (V)              1484
    Difficulty (D)          7.6
    Effort to implement (E) 11260
    Time to implement (T)   10 minutes
    Est Delivered Bugs (B)  0
    Cyclomatic Complexity   14
    Maintainability (MI)    52

 Segment     Used  Free
-----------  ----  ----
00000-00003     4  0  
00004-007FF   136  1908  



